-- The C compiler identification is GNU 9.4.0
-- The CXX compiler identification is GNU 9.4.0
-- Detecting C compiler ABI info
-- Detecting C compiler ABI info - done
-- Check for working C compiler: /usr/bin/cc - skipped
-- Detecting C compile features
-- Detecting C compile features - done
-- Detecting CXX compiler ABI info
-- Detecting CXX compiler ABI info - done
-- Check for working CXX compiler: /usr/bin/c++ - skipped
-- Detecting CXX compile features
-- Detecting CXX compile features - done
-- Found Boost: /usr/lib/x86_64-linux-gnu/cmake/Boost-1.71.0/BoostConfig.cmake (found suitable version "1.71.0", minimum required is "1.65.0") found components: filesystem thread system date_time chrono regex iostreams 
-- Found Threads: TRUE  
-- Found BZip2: /usr/lib/x86_64-linux-gnu/libbz2.so (found version "1.0.8") 
-- Looking for BZ2_bzCompressInit
-- Looking for BZ2_bzCompressInit - found
-- Found JPEG: /usr/lib/x86_64-linux-gnu/libjpeg.so (found version "80") 
-- Found ZLIB: /usr/lib/x86_64-linux-gnu/libz.so (found version "1.2.11")  
-- Could NOT find GME (missing: GME_INCLUDE_DIR) 
-- Using system zlib
-- Using system jpeg library
-- Using system bzip2 library
-- Using internal gme library
-- Performing Test HAVE_NO_ARRAY_BOUNDS
-- Performing Test HAVE_NO_ARRAY_BOUNDS - Success
-- Performing Test __LIBGME_TEST_VISIBILITY
-- Performing Test __LIBGME_TEST_VISIBILITY - Success
-- Looking for strdup
-- Looking for strdup - found
-- Looking for strndup
-- Looking for strndup - found
-- Looking for sys/types.h
-- Looking for sys/types.h - found
-- Looking for stdint.h
-- Looking for stdint.h - found
-- Looking for stddef.h
-- Looking for stddef.h - found
-- Check size of char
-- Check size of char - done
-- Check size of short
-- Check size of short - done
-- Check size of int
-- Check size of int - done
-- Check size of long
-- Check size of long - done
-- /usr/include
-- /usr/include
-- /home/waleed/mypractice/doomncp/src/doomAI/doomAI/ViZDoom/src/vizdoom/lzma/C
-- Looking for itoa
-- Looking for itoa - not found
-- Performing Test DUMB_CAN_USE_SSE
-- Performing Test DUMB_CAN_USE_SSE - Success
-- Found PkgConfig: /usr/bin/pkg-config (found version "0.29.1") 
-- Checking for module 'gtk+-2.0'
--   Found gtk+-2.0, version 2.24.32
-- Found SDL2: /usr/lib/x86_64-linux-gnu/libSDL2main.a;/usr/lib/x86_64-linux-gnu/libSDL2.so;-lpthread  
-- Found OpenAL: /usr/lib/x86_64-linux-gnu/libopenal.so  
-- Could not find FMOD include files
-- Could NOT find SndFile (missing: SNDFILE_LIBRARY SNDFILE_INCLUDE_DIR) 
-- Could NOT find MPG123 (missing: MPG123_LIBRARIES MPG123_INCLUDE_DIR) 
-- Found FluidSynth: /usr/lib/x86_64-linux-gnu/libfluidsynth.so  
-- Selected assembler: /usr/bin/as
-- Looking for filelength
-- Looking for filelength - not found
-- Looking for strupr
-- Looking for strupr - not found
-- Looking for stricmp
-- Looking for stricmp - not found
-- Looking for strnicmp
-- Looking for strnicmp - not found
-- Looking for clock_gettime in rt
-- Looking for clock_gettime in rt - found
-- Performing Test HAS_VA_COPY
-- Performing Test HAS_VA_COPY - Success
-- Found Boost: /usr/lib/x86_64-linux-gnu/cmake/Boost-1.71.0/BoostConfig.cmake (found version "1.71.0") found components: thread system date_time chrono 
-- Fluid synth libs: /usr/lib/x86_64-linux-gnu/libfluidsynth.so
-- Configuring done (21.6s)
-- Generating done (0.6s)
-- Build files have been written to: /home/waleed/mypractice/doomncp/src/doomAI/doomAI/build/ViZDoom
[  1%] [32mBuilding CXX object CMakeFiles/libvizdoom_static.dir/src/lib/ViZDoomConfigLoader.cpp.o[0m
[  1%] [32mBuilding C object src/vizdoom/lzma/CMakeFiles/lzma.dir/C/7zArcIn.c.o[0m
[  2%] [32mBuilding CXX object src/vizdoom/tools/re2c/CMakeFiles/re2c.dir/actions.cc.o[0m
[  2%] [32mBuilding CXX object src/vizdoom/game-music-emu/gme/CMakeFiles/gme.dir/Blip_Buffer.cpp.o[0m
[  3%] [32mBuilding C object src/vizdoom/tools/lemon/CMakeFiles/lemon.dir/lemon.c.o[0m
[  3%] [32mBuilding CXX object CMakeFiles/libvizdoom_shared.dir/src/lib/ViZDoomConfigLoader.cpp.o[0m
[  3%] [32mBuilding CXX object src/vizdoom/game-music-emu/gme/CMakeFiles/gme.dir/Classic_Emu.cpp.o[0m
[  3%] [32mBuilding CXX object src/vizdoom/game-music-emu/gme/CMakeFiles/gme.dir/Data_Reader.cpp.o[0m
[  4%] [32mBuilding C object src/vizdoom/lzma/CMakeFiles/lzma.dir/C/7zBuf.c.o[0m
[  4%] [32mBuilding CXX object src/vizdoom/game-music-emu/gme/CMakeFiles/gme.dir/Dual_Resampler.cpp.o[0m
[  4%] [32mBuilding C object src/vizdoom/lzma/CMakeFiles/lzma.dir/C/7zCrc.c.o[0m
[  4%] [32mBuilding C object src/vizdoom/lzma/CMakeFiles/lzma.dir/C/7zCrcOpt.c.o[0m
[  5%] [32mBuilding CXX object src/vizdoom/game-music-emu/gme/CMakeFiles/gme.dir/Effects_Buffer.cpp.o[0m
[  5%] [32mBuilding C object src/vizdoom/lzma/CMakeFiles/lzma.dir/C/7zDec.c.o[0m
[  5%] [32mBuilding C object src/vizdoom/lzma/CMakeFiles/lzma.dir/C/7zStream.c.o[0m
[  5%] [32mBuilding CXX object src/vizdoom/game-music-emu/gme/CMakeFiles/gme.dir/Fir_Resampler.cpp.o[0m
[  5%] [32mBuilding C object src/vizdoom/lzma/CMakeFiles/lzma.dir/C/Bcj2.c.o[0m
[  6%] [32mBuilding C object src/vizdoom/lzma/CMakeFiles/lzma.dir/C/Bra.c.o[0m
[  6%] [32mBuilding CXX object src/vizdoom/game-music-emu/gme/CMakeFiles/gme.dir/gme.cpp.o[0m
[  6%] [32mBuilding CXX object src/vizdoom/tools/re2c/CMakeFiles/re2c.dir/code.cc.o[0m
[  6%] [32mBuilding C object src/vizdoom/lzma/CMakeFiles/lzma.dir/C/Bra86.c.o[0m
[  6%] [32mBuilding C object src/vizdoom/lzma/CMakeFiles/lzma.dir/C/BraIA64.c.o[0m
[  6%] [32m[1mLinking C executable ../../../../bin/lemon[0m
/home/waleed/mypractice/doomncp/src/doomAI/doomAI/build/ViZDoom/bin
[  6%] Built target lemon
[  6%] [32mBuilding C object src/vizdoom/lzma/CMakeFiles/lzma.dir/C/CpuArch.c.o[0m
[  6%] [32mBuilding C object src/vizdoom/lzma/CMakeFiles/lzma.dir/C/Delta.c.o[0m
[  6%] [32mBuilding CXX object src/vizdoom/game-music-emu/gme/CMakeFiles/gme.dir/Gme_File.cpp.o[0m
[  7%] [32mBuilding C object src/vizdoom/lzma/CMakeFiles/lzma.dir/C/LzFind.c.o[0m
[  7%] [32mBuilding C object src/vizdoom/lzma/CMakeFiles/lzma.dir/C/Lzma2Dec.c.o[0m
[  7%] [32mBuilding CXX object src/vizdoom/game-music-emu/gme/CMakeFiles/gme.dir/M3u_Playlist.cpp.o[0m
[  7%] [32mBuilding C object src/vizdoom/lzma/CMakeFiles/lzma.dir/C/LzmaDec.c.o[0m
[  7%] [32mBuilding C object src/vizdoom/lzma/CMakeFiles/lzma.dir/C/LzmaEnc.c.o[0m
[  8%] [32mBuilding CXX object src/vizdoom/game-music-emu/gme/CMakeFiles/gme.dir/Multi_Buffer.cpp.o[0m
[  8%] [32mBuilding CXX object src/vizdoom/game-music-emu/gme/CMakeFiles/gme.dir/Music_Emu.cpp.o[0m
[  8%] [32mBuilding C object src/vizdoom/lzma/CMakeFiles/lzma.dir/C/Ppmd7.c.o[0m
[  8%] [32mBuilding CXX object src/vizdoom/game-music-emu/gme/CMakeFiles/gme.dir/Ay_Apu.cpp.o[0m
[  8%] [32mBuilding C object src/vizdoom/lzma/CMakeFiles/lzma.dir/C/Ppmd7Dec.c.o[0m
[  8%] [32mBuilding CXX object src/vizdoom/game-music-emu/gme/CMakeFiles/gme.dir/Ym2612_Emu.cpp.o[0m
[  8%] [32mBuilding CXX object src/vizdoom/game-music-emu/gme/CMakeFiles/gme.dir/Sms_Apu.cpp.o[0m
[  9%] [32m[1mLinking C static library liblzma.a[0m
[  9%] Built target lzma
[  9%] [32mBuilding C object src/vizdoom/tools/updaterevision/CMakeFiles/updaterevision.dir/updaterevision.c.o[0m
[ 10%] [32mBuilding CXX object src/vizdoom/game-music-emu/gme/CMakeFiles/gme.dir/Ay_Cpu.cpp.o[0m
[ 11%] [32m[1mLinking C executable ../../../../bin/updaterevision[0m
[ 11%] Built target updaterevision
[ 11%] [32mBuilding C object src/vizdoom/tools/zipdir/CMakeFiles/zipdir.dir/zipdir.c.o[0m
[ 12%] [32m[1mLinking C executable ../../../../bin/zipdir[0m
[ 12%] Built target zipdir
[ 12%] [32mBuilding C object src/vizdoom/dumb/CMakeFiles/dumb.dir/src/core/unload.c.o[0m
[ 12%] [32mBuilding CXX object src/vizdoom/game-music-emu/gme/CMakeFiles/gme.dir/Ay_Emu.cpp.o[0m
[ 12%] [32mBuilding C object src/vizdoom/dumb/CMakeFiles/dumb.dir/src/core/rendsig.c.o[0m
[ 12%] [32mBuilding CXX object src/vizdoom/tools/re2c/CMakeFiles/re2c.dir/dfa.cc.o[0m
[ 12%] [32mBuilding C object src/vizdoom/dumb/CMakeFiles/dumb.dir/src/core/rendduh.c.o[0m
[ 13%] [32mBuilding C object src/vizdoom/dumb/CMakeFiles/dumb.dir/src/core/register.c.o[0m
[ 13%] [32mBuilding CXX object src/vizdoom/game-music-emu/gme/CMakeFiles/gme.dir/Gb_Apu.cpp.o[0m
[ 13%] [32mBuilding C object src/vizdoom/dumb/CMakeFiles/dumb.dir/src/core/readduh.c.o[0m
[ 13%] [32mBuilding CXX object src/vizdoom/game-music-emu/gme/CMakeFiles/gme.dir/Gb_Cpu.cpp.o[0m
[ 13%] [32mBuilding C object src/vizdoom/dumb/CMakeFiles/dumb.dir/src/core/rawsig.c.o[0m
[ 13%] [32mBuilding C object src/vizdoom/dumb/CMakeFiles/dumb.dir/src/core/makeduh.c.o[0m
[ 13%] [32mBuilding C object src/vizdoom/dumb/CMakeFiles/dumb.dir/src/core/loadduh.c.o[0m
[ 13%] [32mBuilding CXX object src/vizdoom/game-music-emu/gme/CMakeFiles/gme.dir/Gb_Oscs.cpp.o[0m
[ 14%] [32mBuilding C object src/vizdoom/dumb/CMakeFiles/dumb.dir/src/core/dumbfile.c.o[0m
[ 14%] [32mBuilding C object src/vizdoom/dumb/CMakeFiles/dumb.dir/src/core/duhtag.c.o[0m
[ 14%] [32mBuilding CXX object src/vizdoom/tools/re2c/CMakeFiles/re2c.dir/main.cc.o[0m
[ 15%] [32mBuilding CXX object src/vizdoom/game-music-emu/gme/CMakeFiles/gme.dir/Gym_Emu.cpp.o[0m
[ 15%] [32mBuilding CXX object src/vizdoom/game-music-emu/gme/CMakeFiles/gme.dir/Gbs_Emu.cpp.o[0m
[ 15%] [32mBuilding C object src/vizdoom/dumb/CMakeFiles/dumb.dir/src/core/duhlen.c.o[0m
[ 15%] [32mBuilding C object src/vizdoom/dumb/CMakeFiles/dumb.dir/src/core/atexit.c.o[0m
[ 15%] [32mBuilding C object src/vizdoom/dumb/CMakeFiles/dumb.dir/src/helpers/stdfile.c.o[0m
[ 15%] [32mBuilding CXX object src/vizdoom/game-music-emu/gme/CMakeFiles/gme.dir/Hes_Apu.cpp.o[0m
[ 15%] [32mBuilding CXX object src/vizdoom/game-music-emu/gme/CMakeFiles/gme.dir/Hes_Cpu.cpp.o[0m
[ 15%] [32mBuilding C object src/vizdoom/dumb/CMakeFiles/dumb.dir/src/helpers/silence.c.o[0m
[ 16%] [32mBuilding C object src/vizdoom/dumb/CMakeFiles/dumb.dir/src/helpers/sampbuf.c.o[0m
[ 16%] [32mBuilding CXX object CMakeFiles/libvizdoom_static.dir/src/lib/ViZDoomController.cpp.o[0m
[ 16%] [32mBuilding C object src/vizdoom/dumb/CMakeFiles/dumb.dir/src/helpers/riff.c.o[0m
[ 16%] [32mBuilding C object src/vizdoom/dumb/CMakeFiles/dumb.dir/src/helpers/resample.c.o[0m
[ 16%] [32mBuilding CXX object CMakeFiles/libvizdoom_shared.dir/src/lib/ViZDoomController.cpp.o[0m
[ 16%] [32mBuilding CXX object src/vizdoom/game-music-emu/gme/CMakeFiles/gme.dir/Hes_Emu.cpp.o[0m
[ 16%] [32mBuilding CXX object src/vizdoom/game-music-emu/gme/CMakeFiles/gme.dir/Kss_Cpu.cpp.o[0m
[ 17%] [32mBuilding CXX object src/vizdoom/game-music-emu/gme/CMakeFiles/gme.dir/Kss_Emu.cpp.o[0m
[ 17%] [32mBuilding CXX object src/vizdoom/tools/re2c/CMakeFiles/re2c.dir/mbo_getopt.cc.o[0m
[ 17%] [32mBuilding CXX object src/vizdoom/game-music-emu/gme/CMakeFiles/gme.dir/Kss_Scc_Apu.cpp.o[0m
[ 17%] [32mBuilding CXX object src/vizdoom/game-music-emu/gme/CMakeFiles/gme.dir/Nes_Apu.cpp.o[0m
[ 18%] [32mBuilding CXX object src/vizdoom/tools/re2c/CMakeFiles/re2c.dir/parser.cc.o[0m
[ 18%] [32mBuilding CXX object src/vizdoom/game-music-emu/gme/CMakeFiles/gme.dir/Nes_Cpu.cpp.o[0m
[ 18%] [32mBuilding CXX object src/vizdoom/game-music-emu/gme/CMakeFiles/gme.dir/Nes_Fme7_Apu.cpp.o[0m
[ 18%] [32mBuilding CXX object src/vizdoom/game-music-emu/gme/CMakeFiles/gme.dir/Nes_Namco_Apu.cpp.o[0m
[ 19%] [32mBuilding CXX object src/vizdoom/game-music-emu/gme/CMakeFiles/gme.dir/Nes_Oscs.cpp.o[0m
[ 19%] [32mBuilding CXX object src/vizdoom/game-music-emu/gme/CMakeFiles/gme.dir/Nes_Vrc6_Apu.cpp.o[0m
[ 19%] [32mBuilding CXX object src/vizdoom/game-music-emu/gme/CMakeFiles/gme.dir/Nsf_Emu.cpp.o[0m
[ 19%] [32mBuilding CXX object src/vizdoom/tools/re2c/CMakeFiles/re2c.dir/scanner.cc.o[0m
[ 19%] [32mBuilding CXX object src/vizdoom/tools/re2c/CMakeFiles/re2c.dir/substr.cc.o[0m
[ 19%] [32mBuilding CXX object src/vizdoom/game-music-emu/gme/CMakeFiles/gme.dir/Nsfe_Emu.cpp.o[0m
[ 20%] [32mBuilding CXX object src/vizdoom/game-music-emu/gme/CMakeFiles/gme.dir/Sap_Cpu.cpp.o[0m
[ 20%] [32mBuilding CXX object src/vizdoom/game-music-emu/gme/CMakeFiles/gme.dir/Sap_Apu.cpp.o[0m
[ 20%] [32mBuilding CXX object src/vizdoom/game-music-emu/gme/CMakeFiles/gme.dir/Sap_Emu.cpp.o[0m
[ 20%] [32mBuilding CXX object src/vizdoom/game-music-emu/gme/CMakeFiles/gme.dir/Snes_Spc.cpp.o[0m
[ 20%] [32mBuilding CXX object src/vizdoom/tools/re2c/CMakeFiles/re2c.dir/translate.cc.o[0m
[ 20%] [32mBuilding CXX object src/vizdoom/game-music-emu/gme/CMakeFiles/gme.dir/Spc_Cpu.cpp.o[0m
[ 20%] [32mBuilding CXX object src/vizdoom/game-music-emu/gme/CMakeFiles/gme.dir/Spc_Dsp.cpp.o[0m
[ 20%] [32m[1mLinking CXX executable ../../../../bin/re2c[0m
[ 20%] [32mBuilding C object src/vizdoom/gdtoa/CMakeFiles/arithchk.dir/arithchk.c.o[0m
[ 20%] Built target re2c
[ 21%] [32mBuilding CXX object src/vizdoom/game-music-emu/gme/CMakeFiles/gme.dir/Spc_Emu.cpp.o[0m
[ 21%] [32m[1mLinking C executable ../../../bin/arithchk[0m
[ 21%] Built target arithchk
[ 21%] [32mBuilding CXX object src/vizdoom/game-music-emu/gme/CMakeFiles/gme.dir/Spc_Filter.cpp.o[0m
[ 21%] [32mBuilding CXX object src/vizdoom/game-music-emu/gme/CMakeFiles/gme.dir/Vgm_Emu.cpp.o[0m
[ 21%] [32mBuilding CXX object src/vizdoom/game-music-emu/gme/CMakeFiles/gme.dir/Vgm_Emu_Impl.cpp.o[0m
[ 21%] [32mBuilding CXX object src/vizdoom/game-music-emu/gme/CMakeFiles/gme.dir/Ym2413_Emu.cpp.o[0m
[ 21%] [34m[1mGenerating arith.h[0m
[ 21%] [32mBuilding C object src/vizdoom/gdtoa/CMakeFiles/qnan.dir/qnan.c.o[0m
[ 21%] [32mBuilding C object src/vizdoom/dumb/CMakeFiles/dumb.dir/src/helpers/memfile.c.o[0m
[ 21%] [32m[1mLinking C executable ../../../bin/qnan[0m
[ 21%] [32mBuilding C object src/vizdoom/dumb/CMakeFiles/dumb.dir/src/helpers/clickrem.c.o[0m
[ 21%] Built target qnan
[ 22%] [32mBuilding C object src/vizdoom/dumb/CMakeFiles/dumb.dir/src/helpers/barray.c.o[0m
[ 22%] [32mBuilding CXX object CMakeFiles/libvizdoom_shared.dir/src/lib/ViZDoomExceptions.cpp.o[0m
[ 22%] [32m[1mLinking CXX static library libgme.a[0m
[ 22%] [32mBuilding C object src/vizdoom/dumb/CMakeFiles/dumb.dir/src/it/xmeffect.c.o[0m
[ 22%] Built target gme
[ 22%] [32mBuilding C object src/vizdoom/dumb/CMakeFiles/dumb.dir/src/it/readxm2.c.o[0m
[ 22%] [34m[1mGenerating gd_qnan.h[0m
[ 22%] [32mBuilding C object src/vizdoom/gdtoa/CMakeFiles/gdtoa.dir/dmisc.c.o[0m
[ 22%] [32mBuilding C object src/vizdoom/dumb/CMakeFiles/dumb.dir/src/it/readxm.c.o[0m
[ 22%] [32mBuilding C object src/vizdoom/dumb/CMakeFiles/dumb.dir/src/it/readstm2.c.o[0m
[ 22%] [32mBuilding C object src/vizdoom/gdtoa/CMakeFiles/gdtoa.dir/dtoa.c.o[0m
[ 23%] [32mBuilding C object src/vizdoom/dumb/CMakeFiles/dumb.dir/src/it/readstm.c.o[0m
[ 23%] [32mBuilding C object src/vizdoom/dumb/CMakeFiles/dumb.dir/src/it/reads3m2.c.o[0m
[ 23%] [32mBuilding C object src/vizdoom/dumb/CMakeFiles/dumb.dir/src/it/reads3m.c.o[0m
[ 24%] [32mBuilding C object src/vizdoom/gdtoa/CMakeFiles/gdtoa.dir/misc.c.o[0m
[ 24%] [32mBuilding C object src/vizdoom/dumb/CMakeFiles/dumb.dir/src/it/readriff.c.o[0m
[ 24%] [32mBuilding C object src/vizdoom/dumb/CMakeFiles/dumb.dir/src/it/readptm.c.o[0m
[ 24%] [32mBuilding C object src/vizdoom/dumb/CMakeFiles/dumb.dir/src/it/readpsm.c.o[0m
[ 24%] [32m[1mLinking C static library libgdtoa.a[0m
[ 25%] [32mBuilding C object src/vizdoom/dumb/CMakeFiles/dumb.dir/src/it/readoldpsm.c.o[0m
[ 25%] Built target gdtoa
[ 25%] [32mBuilding C object src/vizdoom/dumb/CMakeFiles/dumb.dir/src/it/readokt2.c.o[0m
[ 25%] [32mBuilding C object src/vizdoom/dumb/CMakeFiles/dumb.dir/src/it/readokt.c.o[0m
[ 25%] [32mBuilding C object src/vizdoom/dumb/CMakeFiles/dumb.dir/src/it/readmtm.c.o[0m
[ 25%] [32mBuilding C object src/vizdoom/dumb/CMakeFiles/dumb.dir/src/it/readmod2.c.o[0m
[ 26%] [32mBuilding C object src/vizdoom/dumb/CMakeFiles/dumb.dir/src/it/readmod.c.o[0m
[ 26%] [32mBuilding C object src/vizdoom/dumb/CMakeFiles/dumb.dir/src/it/readdsmf.c.o[0m
[ 26%] [32mBuilding C object src/vizdoom/dumb/CMakeFiles/dumb.dir/src/it/readasy.c.o[0m
[ 26%] [32mBuilding C object src/vizdoom/dumb/CMakeFiles/dumb.dir/src/it/readamf2.c.o[0m
[ 26%] [32mBuilding C object src/vizdoom/dumb/CMakeFiles/dumb.dir/src/it/readamf.c.o[0m
[ 26%] [32mBuilding C object src/vizdoom/dumb/CMakeFiles/dumb.dir/src/it/readam.c.o[0m
[ 27%] [32mBuilding C object src/vizdoom/dumb/CMakeFiles/dumb.dir/src/it/read6692.c.o[0m
[ 27%] [32mBuilding C object src/vizdoom/dumb/CMakeFiles/dumb.dir/src/it/read669.c.o[0m
[ 27%] [32mBuilding C object src/vizdoom/dumb/CMakeFiles/dumb.dir/src/it/ptmeffect.c.o[0m
[ 27%] [32mBuilding C object src/vizdoom/dumb/CMakeFiles/dumb.dir/src/it/loadxm2.c.o[0m
[ 27%] [32mBuilding C object src/vizdoom/dumb/CMakeFiles/dumb.dir/src/it/loadxm.c.o[0m
[ 28%] [32mBuilding C object src/vizdoom/dumb/CMakeFiles/dumb.dir/src/it/loadstm2.c.o[0m
[ 28%] [32mBuilding C object src/vizdoom/dumb/CMakeFiles/dumb.dir/src/it/loadstm.c.o[0m
[ 28%] [32mBuilding C object src/vizdoom/dumb/CMakeFiles/dumb.dir/src/it/loads3m2.c.o[0m
[ 28%] [32mBuilding C object src/vizdoom/dumb/CMakeFiles/dumb.dir/src/it/loads3m.c.o[0m
[ 28%] [32mBuilding C object src/vizdoom/dumb/CMakeFiles/dumb.dir/src/it/loadriff2.c.o[0m
[ 29%] [32mBuilding C object src/vizdoom/dumb/CMakeFiles/dumb.dir/src/it/loadriff.c.o[0m
[ 29%] [32mBuilding C object src/vizdoom/dumb/CMakeFiles/dumb.dir/src/it/loadptm2.c.o[0m
[ 29%] [32mBuilding C object src/vizdoom/dumb/CMakeFiles/dumb.dir/src/it/loadpsm2.c.o[0m
[ 29%] [32mBuilding C object src/vizdoom/dumb/CMakeFiles/dumb.dir/src/it/loadptm.c.o[0m
[ 29%] [32mBuilding C object src/vizdoom/dumb/CMakeFiles/dumb.dir/src/it/loadpsm.c.o[0m
[ 29%] [32mBuilding C object src/vizdoom/dumb/CMakeFiles/dumb.dir/src/it/loadoldpsm2.c.o[0m
[ 30%] [32mBuilding C object src/vizdoom/dumb/CMakeFiles/dumb.dir/src/it/loadoldpsm.c.o[0m
[ 30%] [32mBuilding C object src/vizdoom/dumb/CMakeFiles/dumb.dir/src/it/loadokt2.c.o[0m
[ 31%] [32mBuilding CXX object CMakeFiles/libvizdoom_shared.dir/src/lib/ViZDoomGame.cpp.o[0m
[ 31%] [32mBuilding C object src/vizdoom/dumb/CMakeFiles/dumb.dir/src/it/loadokt.c.o[0m
[ 31%] [32mBuilding C object src/vizdoom/dumb/CMakeFiles/dumb.dir/src/it/loadmtm2.c.o[0m
[ 31%] [32mBuilding C object src/vizdoom/dumb/CMakeFiles/dumb.dir/src/it/loadmtm.c.o[0m
[ 32%] [32mBuilding C object src/vizdoom/dumb/CMakeFiles/dumb.dir/src/it/loadmod2.c.o[0m
[ 32%] [32mBuilding C object src/vizdoom/dumb/CMakeFiles/dumb.dir/src/it/loadmod.c.o[0m
[ 32%] [32mBuilding C object src/vizdoom/dumb/CMakeFiles/dumb.dir/src/it/loadasy2.c.o[0m
[ 32%] [32mBuilding C object src/vizdoom/dumb/CMakeFiles/dumb.dir/src/it/loadasy.c.o[0m
[ 32%] [32mBuilding CXX object CMakeFiles/libvizdoom_shared.dir/src/lib/ViZDoomMessageQueue.cpp.o[0m
[ 32%] [32mBuilding C object src/vizdoom/dumb/CMakeFiles/dumb.dir/src/it/loadamf2.c.o[0m
[ 32%] [32mBuilding C object src/vizdoom/dumb/CMakeFiles/dumb.dir/src/it/loadamf.c.o[0m
[ 33%] [32mBuilding C object src/vizdoom/dumb/CMakeFiles/dumb.dir/src/it/load6692.c.o[0m
[ 33%] [32mBuilding C object src/vizdoom/dumb/CMakeFiles/dumb.dir/src/it/load669.c.o[0m
[ 33%] [32mBuilding C object src/vizdoom/dumb/CMakeFiles/dumb.dir/src/it/itunload.c.o[0m
[ 33%] [32mBuilding C object src/vizdoom/dumb/CMakeFiles/dumb.dir/src/it/itrender.c.o[0m
[ 33%] [32mBuilding C object src/vizdoom/dumb/CMakeFiles/dumb.dir/src/it/itread2.c.o[0m
[ 34%] [32mBuilding C object src/vizdoom/dumb/CMakeFiles/dumb.dir/src/it/itread.c.o[0m
[ 34%] [32mBuilding C object src/vizdoom/dumb/CMakeFiles/dumb.dir/src/it/itorder.c.o[0m
[ 34%] [32mBuilding C object src/vizdoom/dumb/CMakeFiles/dumb.dir/src/it/itmisc.c.o[0m
[ 34%] [32mBuilding C object src/vizdoom/dumb/CMakeFiles/dumb.dir/src/it/itload2.c.o[0m
[ 34%] [32mBuilding C object src/vizdoom/dumb/CMakeFiles/dumb.dir/src/it/itload.c.o[0m
[ 35%] [32mBuilding C object src/vizdoom/dumb/CMakeFiles/dumb.dir/src/it/readany.c.o[0m
[ 35%] [32mBuilding C object src/vizdoom/dumb/CMakeFiles/dumb.dir/src/it/loadany2.c.o[0m
[ 35%] [32mBuilding C object src/vizdoom/dumb/CMakeFiles/dumb.dir/src/it/loadany.c.o[0m
[ 35%] [32mBuilding C object src/vizdoom/dumb/CMakeFiles/dumb.dir/src/it/readany2.c.o[0m
[ 35%] [32mBuilding C object src/vizdoom/dumb/CMakeFiles/dumb.dir/src/helpers/resampler.c.o[0m
[ 35%] [32mBuilding CXX object CMakeFiles/libvizdoom_shared.dir/src/lib/ViZDoomPathHelpers.cpp.o[0m
[ 35%] [32mBuilding C object src/vizdoom/dumb/CMakeFiles/dumb.dir/src/helpers/lpc.c.o[0m
[ 35%] [32mBuilding CXX object CMakeFiles/libvizdoom_shared.dir/src/lib/ViZDoomSharedMemory.cpp.o[0m
[ 36%] [32m[1mLinking C static library libdumb.a[0m
[ 36%] Built target dumb
[ 36%] [32mBuilding CXX object CMakeFiles/libvizdoom_shared.dir/src/lib/ViZDoomUtilities.cpp.o[0m
[ 36%] [34m[1mGenerating xlat_parser.c, xlat_parser.h[0m
[ 36%] [34m[1mGenerating CMakeFiles/zdoom.dir/asm_x86_64/tmap3.o[0m
[ 36%] [34m[1mGenerating sc_man_scanner.h[0m
[ 36%] [32mBuilding CXX object CMakeFiles/libvizdoom_static.dir/src/lib/ViZDoomExceptions.cpp.o[0m
[ 36%] [32mBuilding CXX object src/vizdoom/src/CMakeFiles/vizdoom.dir/__autostart.cpp.o[0m
[ 37%] [32mBuilding CXX object src/vizdoom/src/CMakeFiles/vizdoom.dir/posix/i_cd.cpp.o[0m
[ 37%] [32mBuilding CXX object src/vizdoom/src/CMakeFiles/vizdoom.dir/posix/i_movie.cpp.o[0m
[ 37%] [32mBuilding CXX object CMakeFiles/libvizdoom_static.dir/src/lib/ViZDoomGame.cpp.o[0m
[ 37%] [32mBuilding CXX object src/vizdoom/src/CMakeFiles/vizdoom.dir/posix/i_steam.cpp.o[0m
[ 37%] [32mBuilding C object src/vizdoom/src/CMakeFiles/vizdoom.dir/posix/sdl/crashcatcher.c.o[0m
[ 37%] [32mBuilding CXX object src/vizdoom/src/CMakeFiles/vizdoom.dir/posix/sdl/hardware.cpp.o[0m
[ 37%] [32mBuilding CXX object CMakeFiles/libvizdoom_static.dir/src/lib/ViZDoomMessageQueue.cpp.o[0m
[ 38%] [32mBuilding CXX object CMakeFiles/libvizdoom_static.dir/src/lib/ViZDoomPathHelpers.cpp.o[0m
[ 38%] [32mBuilding CXX object src/vizdoom/src/CMakeFiles/vizdoom.dir/posix/sdl/i_gui.cpp.o[0m
[ 39%] [32mBuilding CXX object src/vizdoom/src/CMakeFiles/vizdoom.dir/posix/sdl/i_input.cpp.o[0m
[ 39%] [32mBuilding CXX object src/vizdoom/src/CMakeFiles/vizdoom.dir/posix/sdl/i_joystick.cpp.o[0m
[ 39%] [32mBuilding CXX object src/vizdoom/src/CMakeFiles/vizdoom.dir/posix/sdl/i_main.cpp.o[0m
[ 39%] [32mBuilding CXX object CMakeFiles/libvizdoom_static.dir/src/lib/ViZDoomSharedMemory.cpp.o[0m
[ 39%] [32mBuilding CXX object src/vizdoom/src/CMakeFiles/vizdoom.dir/posix/sdl/i_system.cpp.o[0m
[ 39%] [32mBuilding CXX object src/vizdoom/src/CMakeFiles/vizdoom.dir/posix/sdl/i_timer.cpp.o[0m
[ 39%] [32mBuilding CXX object CMakeFiles/libvizdoom_static.dir/src/lib/ViZDoomUtilities.cpp.o[0m
[ 39%] [32m[1mLinking CXX shared library bin/libvizdoom.so[0m
[ 39%] Built target libvizdoom_shared
[ 40%] [32mBuilding CXX object src/vizdoom/src/CMakeFiles/vizdoom.dir/posix/sdl/sdlvideo.cpp.o[0m
[ 40%] [32mBuilding CXX object src/vizdoom/src/CMakeFiles/vizdoom.dir/posix/sdl/st_start.cpp.o[0m
[ 40%] [32mBuilding CXX object src/vizdoom/src/CMakeFiles/vizdoom.dir/x86.cpp.o[0m
[ 40%] [32mBuilding CXX object src/vizdoom/src/CMakeFiles/vizdoom.dir/actorptrselect.cpp.o[0m
[ 40%] [32mBuilding CXX object src/vizdoom/src/CMakeFiles/vizdoom.dir/am_map.cpp.o[0m
[ 41%] [32mBuilding CXX object src/vizdoom/src/CMakeFiles/vizdoom.dir/b_bot.cpp.o[0m
[ 41%] [32mBuilding CXX object src/vizdoom/src/CMakeFiles/vizdoom.dir/b_func.cpp.o[0m
[ 41%] [32mBuilding CXX object src/vizdoom/src/CMakeFiles/vizdoom.dir/b_game.cpp.o[0m
[ 41%] [32mBuilding CXX object src/vizdoom/src/CMakeFiles/vizdoom.dir/b_move.cpp.o[0m
[ 41%] [32mBuilding CXX object src/vizdoom/src/CMakeFiles/vizdoom.dir/b_think.cpp.o[0m
[ 41%] [32mBuilding CXX object src/vizdoom/src/CMakeFiles/vizdoom.dir/bbannouncer.cpp.o[0m
[ 42%] [32mBuilding CXX object src/vizdoom/src/CMakeFiles/vizdoom.dir/c_bind.cpp.o[0m
[ 42%] [32mBuilding CXX object src/vizdoom/src/CMakeFiles/vizdoom.dir/c_cmds.cpp.o[0m
[ 42%] [32mBuilding CXX object src/vizdoom/src/CMakeFiles/vizdoom.dir/c_console.cpp.o[0m
[ 42%] [32mBuilding CXX object src/vizdoom/src/CMakeFiles/vizdoom.dir/c_consolebuffer.cpp.o[0m
[ 42%] [32mBuilding CXX object src/vizdoom/src/CMakeFiles/vizdoom.dir/c_cvars.cpp.o[0m
[ 43%] [32mBuilding CXX object src/vizdoom/src/CMakeFiles/vizdoom.dir/c_dispatch.cpp.o[0m
[ 43%] [32mBuilding CXX object src/vizdoom/src/CMakeFiles/vizdoom.dir/c_expr.cpp.o[0m
[ 43%] [32mBuilding CXX object src/vizdoom/src/CMakeFiles/vizdoom.dir/cmdlib.cpp.o[0m
[ 43%] [32mBuilding CXX object src/vizdoom/src/CMakeFiles/vizdoom.dir/colormatcher.cpp.o[0m
[ 43%] [32mBuilding CXX object src/vizdoom/src/CMakeFiles/vizdoom.dir/compatibility.cpp.o[0m
[ 43%] [32mBuilding CXX object src/vizdoom/src/CMakeFiles/vizdoom.dir/configfile.cpp.o[0m
[ 44%] [32mBuilding CXX object src/vizdoom/src/CMakeFiles/vizdoom.dir/ct_chat.cpp.o[0m
[ 44%] [32mBuilding CXX object src/vizdoom/src/CMakeFiles/vizdoom.dir/d_dehacked.cpp.o[0m
[ 44%] [32mBuilding CXX object src/vizdoom/src/CMakeFiles/vizdoom.dir/d_iwad.cpp.o[0m
[ 44%] [32mBuilding CXX object src/vizdoom/src/CMakeFiles/vizdoom.dir/d_main.cpp.o[0m
[ 44%] [32mBuilding CXX object src/vizdoom/src/CMakeFiles/vizdoom.dir/d_net.cpp.o[0m
[ 45%] [32mBuilding CXX object src/vizdoom/src/CMakeFiles/vizdoom.dir/d_netinfo.cpp.o[0m
[ 45%] [32mBuilding CXX object src/vizdoom/src/CMakeFiles/vizdoom.dir/d_protocol.cpp.o[0m
[ 45%] [32m[1mLinking CXX static library bin/libvizdoom.a[0m
[ 45%] Built target libvizdoom_static
[ 45%] [32mBuilding CXX object src/vizdoom/src/CMakeFiles/vizdoom.dir/decallib.cpp.o[0m
[ 45%] [32mBuilding CXX object src/vizdoom/src/CMakeFiles/vizdoom.dir/dobject.cpp.o[0m
[ 45%] [32mBuilding CXX object src/vizdoom/src/CMakeFiles/vizdoom.dir/doomstat.cpp.o[0m
[ 45%] [32mBuilding CXX object src/vizdoom/src/CMakeFiles/vizdoom.dir/dsectoreffect.cpp.o[0m
[ 45%] [32mBuilding CXX object src/vizdoom/src/CMakeFiles/vizdoom.dir/doomdef.cpp.o[0m
[ 46%] [32mBuilding CXX object src/vizdoom/src/CMakeFiles/vizdoom.dir/dobjtype.cpp.o[0m
[ 46%] [32mBuilding CXX object src/vizdoom/src/CMakeFiles/vizdoom.dir/dobjgc.cpp.o[0m
[ 46%] [32mBuilding CXX object src/vizdoom/src/CMakeFiles/vizdoom.dir/dthinker.cpp.o[0m
[ 46%] [32mBuilding CXX object src/vizdoom/src/CMakeFiles/vizdoom.dir/f_wipe.cpp.o[0m
[ 47%] [32mBuilding CXX object src/vizdoom/src/CMakeFiles/vizdoom.dir/farchive.cpp.o[0m
[ 47%] [32mBuilding CXX object src/vizdoom/src/CMakeFiles/vizdoom.dir/files.cpp.o[0m
[ 47%] [32mBuilding CXX object src/vizdoom/src/CMakeFiles/vizdoom.dir/g_doomedmap.cpp.o[0m
[ 47%] [32mBuilding CXX object src/vizdoom/src/CMakeFiles/vizdoom.dir/g_game.cpp.o[0m
[ 47%] [32mBuilding CXX object src/vizdoom/src/CMakeFiles/vizdoom.dir/g_hub.cpp.o[0m
[ 48%] [32mBuilding CXX object src/vizdoom/src/CMakeFiles/vizdoom.dir/g_level.cpp.o[0m
[ 48%] [32mBuilding CXX object src/vizdoom/src/CMakeFiles/vizdoom.dir/g_mapinfo.cpp.o[0m
[ 48%] [32mBuilding CXX object src/vizdoom/src/CMakeFiles/vizdoom.dir/g_skill.cpp.o[0m
[ 48%] [32mBuilding CXX object src/vizdoom/src/CMakeFiles/vizdoom.dir/gameconfigfile.cpp.o[0m
[ 48%] [32mBuilding CXX object src/vizdoom/src/CMakeFiles/vizdoom.dir/gi.cpp.o[0m
[ 48%] [32mBuilding CXX object src/vizdoom/src/CMakeFiles/vizdoom.dir/gitinfo.cpp.o[0m
[ 49%] [32mBuilding CXX object src/vizdoom/src/CMakeFiles/vizdoom.dir/hu_scores.cpp.o[0m
[ 49%] [32mBuilding CXX object src/vizdoom/src/CMakeFiles/vizdoom.dir/i_net.cpp.o[0m
[ 49%] [32mBuilding CXX object src/vizdoom/src/CMakeFiles/vizdoom.dir/info.cpp.o[0m
[ 49%] [32mBuilding CXX object src/vizdoom/src/CMakeFiles/vizdoom.dir/keysections.cpp.o[0m
[ 49%] [32mBuilding CXX object src/vizdoom/src/CMakeFiles/vizdoom.dir/lumpconfigfile.cpp.o[0m
[ 50%] [32mBuilding CXX object src/vizdoom/src/CMakeFiles/vizdoom.dir/m_alloc.cpp.o[0m
[ 50%] [32mBuilding CXX object src/vizdoom/src/CMakeFiles/vizdoom.dir/m_argv.cpp.o[0m
[ 50%] [32mBuilding CXX object src/vizdoom/src/CMakeFiles/vizdoom.dir/m_bbox.cpp.o[0m
[ 50%] [32mBuilding CXX object src/vizdoom/src/CMakeFiles/vizdoom.dir/m_cheat.cpp.o[0m
[ 50%] [32mBuilding CXX object src/vizdoom/src/CMakeFiles/vizdoom.dir/m_random.cpp.o[0m
[ 50%] [32mBuilding CXX object src/vizdoom/src/CMakeFiles/vizdoom.dir/m_png.cpp.o[0m
[ 51%] [32mBuilding CXX object src/vizdoom/src/CMakeFiles/vizdoom.dir/m_misc.cpp.o[0m
[ 51%] [32mBuilding CXX object src/vizdoom/src/CMakeFiles/vizdoom.dir/m_specialpaths.cpp.o[0m
[ 51%] [32mBuilding CXX object src/vizdoom/src/CMakeFiles/vizdoom.dir/memarena.cpp.o[0m
[ 51%] [32mBuilding CXX object src/vizdoom/src/CMakeFiles/vizdoom.dir/md5.cpp.o[0m
[ 52%] [32mBuilding CXX object src/vizdoom/src/CMakeFiles/vizdoom.dir/name.cpp.o[0m
[ 52%] [32mBuilding CXX object src/vizdoom/src/CMakeFiles/vizdoom.dir/nodebuild.cpp.o[0m
[ 52%] [32mBuilding CXX object src/vizdoom/src/CMakeFiles/vizdoom.dir/nodebuild_classify_nosse2.cpp.o[0m
[ 52%] [32mBuilding CXX object src/vizdoom/src/CMakeFiles/vizdoom.dir/nodebuild_events.cpp.o[0m
[ 52%] [32mBuilding CXX object src/vizdoom/src/CMakeFiles/vizdoom.dir/nodebuild_extract.cpp.o[0m
[ 53%] [32mBuilding CXX object src/vizdoom/src/CMakeFiles/vizdoom.dir/nodebuild_gl.cpp.o[0m
[ 53%] [32mBuilding CXX object src/vizdoom/src/CMakeFiles/vizdoom.dir/nodebuild_utility.cpp.o[0m
[ 53%] [32mBuilding CXX object src/vizdoom/src/CMakeFiles/vizdoom.dir/pathexpander.cpp.o[0m
[ 54%] [32mBuilding CXX object src/vizdoom/src/CMakeFiles/vizdoom.dir/p_buildmap.cpp.o[0m
[ 54%] [32mBuilding CXX object src/vizdoom/src/CMakeFiles/vizdoom.dir/p_ceiling.cpp.o[0m
[ 54%] [32mBuilding CXX object src/vizdoom/src/CMakeFiles/vizdoom.dir/p_acs.cpp.o[0m
[ 54%] [32mBuilding CXX object src/vizdoom/src/CMakeFiles/vizdoom.dir/p_doors.cpp.o[0m
[ 54%] [32mBuilding CXX object src/vizdoom/src/CMakeFiles/vizdoom.dir/p_conversation.cpp.o[0m
[ 54%] [32mBuilding CXX object src/vizdoom/src/CMakeFiles/vizdoom.dir/p_3dmidtex.cpp.o[0m
[ 54%] [32mBuilding CXX object src/vizdoom/src/CMakeFiles/vizdoom.dir/p_effect.cpp.o[0m
[ 54%] [32mBuilding CXX object src/vizdoom/src/CMakeFiles/vizdoom.dir/p_3dfloors.cpp.o[0m
[ 55%] [32mBuilding CXX object src/vizdoom/src/CMakeFiles/vizdoom.dir/p_enemy.cpp.o[0m
[ 55%] [32mBuilding CXX object src/vizdoom/src/CMakeFiles/vizdoom.dir/m_joy.cpp.o[0m
[ 55%] [32mBuilding CXX object src/vizdoom/src/CMakeFiles/vizdoom.dir/p_floor.cpp.o[0m
[ 55%] [32mBuilding CXX object src/vizdoom/src/CMakeFiles/vizdoom.dir/p_glnodes.cpp.o[0m
[ 55%] [32mBuilding CXX object src/vizdoom/src/CMakeFiles/vizdoom.dir/p_interaction.cpp.o[0m
[ 55%] [32mBuilding CXX object src/vizdoom/src/CMakeFiles/vizdoom.dir/p_lights.cpp.o[0m
[ 56%] [32mBuilding CXX object src/vizdoom/src/CMakeFiles/vizdoom.dir/p_linkedsectors.cpp.o[0m
[ 56%] [32mBuilding CXX object src/vizdoom/src/CMakeFiles/vizdoom.dir/p_lnspec.cpp.o[0m
[ 56%] [32mBuilding CXX object src/vizdoom/src/CMakeFiles/vizdoom.dir/p_map.cpp.o[0m
[ 56%] [32mBuilding CXX object src/vizdoom/src/CMakeFiles/vizdoom.dir/p_maputl.cpp.o[0m
[ 56%] [32mBuilding CXX object src/vizdoom/src/CMakeFiles/vizdoom.dir/p_mobj.cpp.o[0m
[ 56%] [32mBuilding CXX object src/vizdoom/src/CMakeFiles/vizdoom.dir/p_pillar.cpp.o[0m
[ 57%] [32mBuilding CXX object src/vizdoom/src/CMakeFiles/vizdoom.dir/p_plats.cpp.o[0m
[ 57%] [32mBuilding CXX object src/vizdoom/src/CMakeFiles/vizdoom.dir/p_pspr.cpp.o[0m
[ 58%] [32mBuilding CXX object src/vizdoom/src/CMakeFiles/vizdoom.dir/p_sight.cpp.o[0m
[ 58%] [32mBuilding CXX object src/vizdoom/src/CMakeFiles/vizdoom.dir/p_slopes.cpp.o[0m
[ 58%] [32mBuilding CXX object src/vizdoom/src/CMakeFiles/vizdoom.dir/p_setup.cpp.o[0m
[ 58%] [32mBuilding CXX object src/vizdoom/src/CMakeFiles/vizdoom.dir/p_spec.cpp.o[0m
[ 58%] [32mBuilding CXX object src/vizdoom/src/CMakeFiles/vizdoom.dir/p_sectors.cpp.o[0m
[ 58%] [32mBuilding CXX object src/vizdoom/src/CMakeFiles/vizdoom.dir/p_states.cpp.o[0m
[ 58%] [32mBuilding CXX object src/vizdoom/src/CMakeFiles/vizdoom.dir/p_saveg.cpp.o[0m
[ 58%] [32mBuilding CXX object src/vizdoom/src/CMakeFiles/vizdoom.dir/p_switch.cpp.o[0m
[ 58%] [32mBuilding CXX object src/vizdoom/src/CMakeFiles/vizdoom.dir/p_tags.cpp.o[0m
[ 59%] [32mBuilding CXX object src/vizdoom/src/CMakeFiles/vizdoom.dir/p_teleport.cpp.o[0m
[ 59%] [32mBuilding CXX object src/vizdoom/src/CMakeFiles/vizdoom.dir/p_terrain.cpp.o[0m
[ 59%] [32mBuilding CXX object src/vizdoom/src/CMakeFiles/vizdoom.dir/p_things.cpp.o[0m
[ 59%] [32mBuilding CXX object src/vizdoom/src/CMakeFiles/vizdoom.dir/p_tick.cpp.o[0m
[ 59%] [32mBuilding CXX object src/vizdoom/src/CMakeFiles/vizdoom.dir/p_trace.cpp.o[0m
[ 60%] [32mBuilding CXX object src/vizdoom/src/CMakeFiles/vizdoom.dir/p_udmf.cpp.o[0m
[ 60%] [32mBuilding CXX object src/vizdoom/src/CMakeFiles/vizdoom.dir/p_usdf.cpp.o[0m
[ 60%] [32mBuilding CXX object src/vizdoom/src/CMakeFiles/vizdoom.dir/p_user.cpp.o[0m
[ 60%] [32mBuilding CXX object src/vizdoom/src/CMakeFiles/vizdoom.dir/p_writemap.cpp.o[0m
[ 60%] [32mBuilding CXX object src/vizdoom/src/CMakeFiles/vizdoom.dir/p_xlat.cpp.o[0m
[ 61%] [32mBuilding CXX object src/vizdoom/src/CMakeFiles/vizdoom.dir/parsecontext.cpp.o[0m
[ 61%] [32mBuilding CXX object src/vizdoom/src/CMakeFiles/vizdoom.dir/po_man.cpp.o[0m
[ 61%] [32mBuilding CXX object src/vizdoom/src/CMakeFiles/vizdoom.dir/r_swrenderer.cpp.o[0m
[ 61%] [32mBuilding CXX object src/vizdoom/src/CMakeFiles/vizdoom.dir/r_utility.cpp.o[0m
[ 61%] [32mBuilding CXX object src/vizdoom/src/CMakeFiles/vizdoom.dir/r_3dfloors.cpp.o[0m
[ 61%] [32mBuilding CXX object src/vizdoom/src/CMakeFiles/vizdoom.dir/r_bsp.cpp.o[0m
[ 62%] [32mBuilding CXX object src/vizdoom/src/CMakeFiles/vizdoom.dir/r_draw.cpp.o[0m
[ 62%] [32mBuilding CXX object src/vizdoom/src/CMakeFiles/vizdoom.dir/r_drawt.cpp.o[0m
[ 62%] [32mBuilding CXX object src/vizdoom/src/CMakeFiles/vizdoom.dir/r_main.cpp.o[0m
[ 62%] [32mBuilding CXX object src/vizdoom/src/CMakeFiles/vizdoom.dir/r_plane.cpp.o[0m
[ 62%] [32mBuilding CXX object src/vizdoom/src/CMakeFiles/vizdoom.dir/r_segs.cpp.o[0m
[ 63%] [32mBuilding CXX object src/vizdoom/src/CMakeFiles/vizdoom.dir/r_sky.cpp.o[0m
[ 63%] [32mBuilding CXX object src/vizdoom/src/CMakeFiles/vizdoom.dir/r_things.cpp.o[0m
[ 63%] [32mBuilding CXX object src/vizdoom/src/CMakeFiles/vizdoom.dir/s_advsound.cpp.o[0m
[ 63%] [32mBuilding CXX object src/vizdoom/src/CMakeFiles/vizdoom.dir/s_environment.cpp.o[0m
[ 63%] [32mBuilding CXX object src/vizdoom/src/CMakeFiles/vizdoom.dir/s_playlist.cpp.o[0m
[ 63%] [32mBuilding CXX object src/vizdoom/src/CMakeFiles/vizdoom.dir/s_sndseq.cpp.o[0m
[ 64%] [32mBuilding CXX object src/vizdoom/src/CMakeFiles/vizdoom.dir/s_sound.cpp.o[0m
[ 64%] [32mBuilding CXX object src/vizdoom/src/CMakeFiles/vizdoom.dir/sc_man.cpp.o[0m
