[11.237s] DEBUG:colcon:Command line arguments: ['/usr/bin/colcon', 'list', '-p', '--base-paths', '/home/waleed/mypractice/doomncp']
[11.238s] DEBUG:colcon:Parsed command line arguments: Namespace(allow_overriding=[], base_paths=['/home/waleed/mypractice/doomncp'], build_base='build', ignore_user_meta=False, log_base=None, log_level=None, main=<bound method ListVerb.main of <colcon_package_information.verb.list.ListVerb object at 0x7f2ad3b5f1c0>>, metas=['./colcon.meta'], names_only=False, packages_above=None, packages_above_and_dependencies=None, packages_above_depth=None, packages_end=None, packages_ignore=None, packages_ignore_regex=None, packages_select=None, packages_select_build_failed=False, packages_select_by_dep=None, packages_select_regex=None, packages_select_test_failures=False, packages_skip=None, packages_skip_build_finished=False, packages_skip_by_dep=None, packages_skip_regex=None, packages_skip_test_passed=False, packages_skip_up_to=None, packages_start=None, packages_up_to=None, packages_up_to_regex=None, paths=None, paths_only=True, topological_graph=False, topological_graph_density=False, topological_graph_dot=False, topological_graph_dot_cluster=False, topological_graph_dot_include_skipped=False, topological_graph_legend=False, topological_order=False, verb_extension=<colcon_package_information.verb.list.ListVerb object at 0x7f2ad3b5f1c0>, verb_name='list', verb_parser=<colcon_defaults.argument_parser.defaults.DefaultArgumentsDecorator object at 0x7f2ad3b04940>)
[11.820s] Level 1:colcon.colcon_core.package_discovery:discover_packages(colcon_meta) check parameters
[11.820s] Level 1:colcon.colcon_core.package_discovery:discover_packages(recursive) check parameters
[11.820s] Level 1:colcon.colcon_core.package_discovery:discover_packages(ignore) check parameters
[11.821s] Level 1:colcon.colcon_core.package_discovery:discover_packages(path) check parameters
[11.821s] Level 1:colcon.colcon_core.package_discovery:discover_packages(recursive) discover
[11.821s] INFO:colcon.colcon_core.package_discovery:Crawling recursively for packages in '/home/waleed/mypractice/doomncp'
[11.821s] Level 1:colcon.colcon_core.package_identification:_identify(/home/waleed/mypractice/doomncp) by extensions ['ignore', 'ignore_ament_install']
[11.821s] Level 1:colcon.colcon_core.package_identification:_identify(/home/waleed/mypractice/doomncp) by extension 'ignore'
[11.822s] Level 1:colcon.colcon_core.package_identification:_identify(/home/waleed/mypractice/doomncp) by extension 'ignore_ament_install'
[11.822s] Level 1:colcon.colcon_core.package_identification:_identify(/home/waleed/mypractice/doomncp) by extensions ['colcon_pkg']
[11.822s] Level 1:colcon.colcon_core.package_identification:_identify(/home/waleed/mypractice/doomncp) by extension 'colcon_pkg'
[11.822s] Level 1:colcon.colcon_core.package_identification:_identify(/home/waleed/mypractice/doomncp) by extensions ['colcon_meta']
[11.822s] Level 1:colcon.colcon_core.package_identification:_identify(/home/waleed/mypractice/doomncp) by extension 'colcon_meta'
[11.822s] Level 1:colcon.colcon_core.package_identification:_identify(/home/waleed/mypractice/doomncp) by extensions ['ros']
[11.822s] Level 1:colcon.colcon_core.package_identification:_identify(/home/waleed/mypractice/doomncp) by extension 'ros'
[11.879s] Level 1:colcon.colcon_core.package_identification:_identify(/home/waleed/mypractice/doomncp) by extensions ['cmake', 'python']
[11.879s] Level 1:colcon.colcon_core.package_identification:_identify(/home/waleed/mypractice/doomncp) by extension 'cmake'
[11.879s] Level 1:colcon.colcon_core.package_identification:_identify(/home/waleed/mypractice/doomncp) by extension 'python'
[11.879s] Level 1:colcon.colcon_core.package_identification:_identify(/home/waleed/mypractice/doomncp) by extensions ['python_setup_py']
[11.879s] Level 1:colcon.colcon_core.package_identification:_identify(/home/waleed/mypractice/doomncp) by extension 'python_setup_py'
[11.894s] Level 1:colcon.colcon_core.package_identification:_identify(/home/waleed/mypractice/doomncp/_vizdoom) by extensions ['ignore', 'ignore_ament_install']
[11.894s] Level 1:colcon.colcon_core.package_identification:_identify(/home/waleed/mypractice/doomncp/_vizdoom) by extension 'ignore'
[11.894s] Level 1:colcon.colcon_core.package_identification:_identify(/home/waleed/mypractice/doomncp/_vizdoom) by extension 'ignore_ament_install'
[11.894s] Level 1:colcon.colcon_core.package_identification:_identify(/home/waleed/mypractice/doomncp/_vizdoom) by extensions ['colcon_pkg']
[11.894s] Level 1:colcon.colcon_core.package_identification:_identify(/home/waleed/mypractice/doomncp/_vizdoom) by extension 'colcon_pkg'
[11.895s] Level 1:colcon.colcon_core.package_identification:_identify(/home/waleed/mypractice/doomncp/_vizdoom) by extensions ['colcon_meta']
[11.895s] Level 1:colcon.colcon_core.package_identification:_identify(/home/waleed/mypractice/doomncp/_vizdoom) by extension 'colcon_meta'
[11.895s] Level 1:colcon.colcon_core.package_identification:_identify(/home/waleed/mypractice/doomncp/_vizdoom) by extensions ['ros']
[11.895s] Level 1:colcon.colcon_core.package_identification:_identify(/home/waleed/mypractice/doomncp/_vizdoom) by extension 'ros'
[11.895s] Level 1:colcon.colcon_core.package_identification:_identify(/home/waleed/mypractice/doomncp/_vizdoom) by extensions ['cmake', 'python']
[11.895s] Level 1:colcon.colcon_core.package_identification:_identify(/home/waleed/mypractice/doomncp/_vizdoom) by extension 'cmake'
[11.895s] Level 1:colcon.colcon_core.package_identification:_identify(/home/waleed/mypractice/doomncp/_vizdoom) by extension 'python'
[11.896s] Level 1:colcon.colcon_core.package_identification:_identify(/home/waleed/mypractice/doomncp/_vizdoom) by extensions ['python_setup_py']
[11.896s] Level 1:colcon.colcon_core.package_identification:_identify(/home/waleed/mypractice/doomncp/_vizdoom) by extension 'python_setup_py'
[11.896s] Level 1:colcon.colcon_core.package_identification:_identify(/home/waleed/mypractice/doomncp/build) by extensions ['ignore', 'ignore_ament_install']
[11.896s] Level 1:colcon.colcon_core.package_identification:_identify(/home/waleed/mypractice/doomncp/build) by extension 'ignore'
[11.896s] Level 1:colcon.colcon_core.package_identification:_identify(/home/waleed/mypractice/doomncp/build) ignored
[11.897s] Level 1:colcon.colcon_core.package_identification:_identify(/home/waleed/mypractice/doomncp/install) by extensions ['ignore', 'ignore_ament_install']
[11.897s] Level 1:colcon.colcon_core.package_identification:_identify(/home/waleed/mypractice/doomncp/install) by extension 'ignore'
[11.897s] Level 1:colcon.colcon_core.package_identification:_identify(/home/waleed/mypractice/doomncp/install) ignored
[11.897s] Level 1:colcon.colcon_core.package_identification:_identify(/home/waleed/mypractice/doomncp/log) by extensions ['ignore', 'ignore_ament_install']
[11.898s] Level 1:colcon.colcon_core.package_identification:_identify(/home/waleed/mypractice/doomncp/log) by extension 'ignore'
[11.898s] Level 1:colcon.colcon_core.package_identification:_identify(/home/waleed/mypractice/doomncp/log) ignored
[11.898s] Level 1:colcon.colcon_core.package_identification:_identify(/home/waleed/mypractice/doomncp/src) by extensions ['ignore', 'ignore_ament_install']
[11.898s] Level 1:colcon.colcon_core.package_identification:_identify(/home/waleed/mypractice/doomncp/src) by extension 'ignore'
[11.898s] Level 1:colcon.colcon_core.package_identification:_identify(/home/waleed/mypractice/doomncp/src) by extension 'ignore_ament_install'
[11.899s] Level 1:colcon.colcon_core.package_identification:_identify(/home/waleed/mypractice/doomncp/src) by extensions ['colcon_pkg']
[11.899s] Level 1:colcon.colcon_core.package_identification:_identify(/home/waleed/mypractice/doomncp/src) by extension 'colcon_pkg'
[11.899s] Level 1:colcon.colcon_core.package_identification:_identify(/home/waleed/mypractice/doomncp/src) by extensions ['colcon_meta']
[11.899s] Level 1:colcon.colcon_core.package_identification:_identify(/home/waleed/mypractice/doomncp/src) by extension 'colcon_meta'
[11.899s] Level 1:colcon.colcon_core.package_identification:_identify(/home/waleed/mypractice/doomncp/src) by extensions ['ros']
[11.899s] Level 1:colcon.colcon_core.package_identification:_identify(/home/waleed/mypractice/doomncp/src) by extension 'ros'
[11.899s] Level 1:colcon.colcon_core.package_identification:_identify(/home/waleed/mypractice/doomncp/src) by extensions ['cmake', 'python']
[11.899s] Level 1:colcon.colcon_core.package_identification:_identify(/home/waleed/mypractice/doomncp/src) by extension 'cmake'
[11.900s] Level 1:colcon.colcon_core.package_identification:_identify(/home/waleed/mypractice/doomncp/src) by extension 'python'
[11.900s] Level 1:colcon.colcon_core.package_identification:_identify(/home/waleed/mypractice/doomncp/src) by extensions ['python_setup_py']
[11.900s] Level 1:colcon.colcon_core.package_identification:_identify(/home/waleed/mypractice/doomncp/src) by extension 'python_setup_py'
[11.900s] Level 1:colcon.colcon_core.package_identification:_identify(/home/waleed/mypractice/doomncp/src/_vizdoom) by extensions ['ignore', 'ignore_ament_install']
[11.900s] Level 1:colcon.colcon_core.package_identification:_identify(/home/waleed/mypractice/doomncp/src/_vizdoom) by extension 'ignore'
[11.900s] Level 1:colcon.colcon_core.package_identification:_identify(/home/waleed/mypractice/doomncp/src/_vizdoom) by extension 'ignore_ament_install'
[11.901s] Level 1:colcon.colcon_core.package_identification:_identify(/home/waleed/mypractice/doomncp/src/_vizdoom) by extensions ['colcon_pkg']
[11.901s] Level 1:colcon.colcon_core.package_identification:_identify(/home/waleed/mypractice/doomncp/src/_vizdoom) by extension 'colcon_pkg'
[11.901s] Level 1:colcon.colcon_core.package_identification:_identify(/home/waleed/mypractice/doomncp/src/_vizdoom) by extensions ['colcon_meta']
[11.901s] Level 1:colcon.colcon_core.package_identification:_identify(/home/waleed/mypractice/doomncp/src/_vizdoom) by extension 'colcon_meta'
[11.901s] Level 1:colcon.colcon_core.package_identification:_identify(/home/waleed/mypractice/doomncp/src/_vizdoom) by extensions ['ros']
[11.901s] Level 1:colcon.colcon_core.package_identification:_identify(/home/waleed/mypractice/doomncp/src/_vizdoom) by extension 'ros'
[11.901s] Level 1:colcon.colcon_core.package_identification:_identify(/home/waleed/mypractice/doomncp/src/_vizdoom) by extensions ['cmake', 'python']
[11.901s] Level 1:colcon.colcon_core.package_identification:_identify(/home/waleed/mypractice/doomncp/src/_vizdoom) by extension 'cmake'
[11.902s] Level 1:colcon.colcon_core.package_identification:_identify(/home/waleed/mypractice/doomncp/src/_vizdoom) by extension 'python'
[11.902s] Level 1:colcon.colcon_core.package_identification:_identify(/home/waleed/mypractice/doomncp/src/_vizdoom) by extensions ['python_setup_py']
[11.902s] Level 1:colcon.colcon_core.package_identification:_identify(/home/waleed/mypractice/doomncp/src/_vizdoom) by extension 'python_setup_py'
[11.902s] Level 1:colcon.colcon_core.package_identification:_identify(/home/waleed/mypractice/doomncp/src/build) by extensions ['ignore', 'ignore_ament_install']
[11.902s] Level 1:colcon.colcon_core.package_identification:_identify(/home/waleed/mypractice/doomncp/src/build) by extension 'ignore'
[11.903s] Level 1:colcon.colcon_core.package_identification:_identify(/home/waleed/mypractice/doomncp/src/build) ignored
[11.903s] Level 1:colcon.colcon_core.package_identification:_identify(/home/waleed/mypractice/doomncp/src/doomAI) by extensions ['ignore', 'ignore_ament_install']
[11.903s] Level 1:colcon.colcon_core.package_identification:_identify(/home/waleed/mypractice/doomncp/src/doomAI) by extension 'ignore'
[11.903s] Level 1:colcon.colcon_core.package_identification:_identify(/home/waleed/mypractice/doomncp/src/doomAI) by extension 'ignore_ament_install'
[11.903s] Level 1:colcon.colcon_core.package_identification:_identify(/home/waleed/mypractice/doomncp/src/doomAI) by extensions ['colcon_pkg']
[11.903s] Level 1:colcon.colcon_core.package_identification:_identify(/home/waleed/mypractice/doomncp/src/doomAI) by extension 'colcon_pkg'
[11.903s] Level 1:colcon.colcon_core.package_identification:_identify(/home/waleed/mypractice/doomncp/src/doomAI) by extensions ['colcon_meta']
[11.904s] Level 1:colcon.colcon_core.package_identification:_identify(/home/waleed/mypractice/doomncp/src/doomAI) by extension 'colcon_meta'
[11.904s] Level 1:colcon.colcon_core.package_identification:_identify(/home/waleed/mypractice/doomncp/src/doomAI) by extensions ['ros']
[11.904s] Level 1:colcon.colcon_core.package_identification:_identify(/home/waleed/mypractice/doomncp/src/doomAI) by extension 'ros'
[11.913s] DEBUG:colcon.colcon_core.package_identification:Package '/home/waleed/mypractice/doomncp/src/doomAI' with type 'ros.ament_python' and name 'doomAI'
[11.913s] Level 1:colcon.colcon_core.package_identification:_identify(/home/waleed/mypractice/doomncp/src/install) by extensions ['ignore', 'ignore_ament_install']
[11.913s] Level 1:colcon.colcon_core.package_identification:_identify(/home/waleed/mypractice/doomncp/src/install) by extension 'ignore'
[11.913s] Level 1:colcon.colcon_core.package_identification:_identify(/home/waleed/mypractice/doomncp/src/install) ignored
[11.914s] Level 1:colcon.colcon_core.package_identification:_identify(/home/waleed/mypractice/doomncp/src/log) by extensions ['ignore', 'ignore_ament_install']
[11.914s] Level 1:colcon.colcon_core.package_identification:_identify(/home/waleed/mypractice/doomncp/src/log) by extension 'ignore'
[11.914s] Level 1:colcon.colcon_core.package_identification:_identify(/home/waleed/mypractice/doomncp/src/log) ignored
[11.914s] Level 1:colcon.colcon_core.package_identification:_identify(/home/waleed/mypractice/doomncp/src/vision_opencv) by extensions ['ignore', 'ignore_ament_install']
[11.914s] Level 1:colcon.colcon_core.package_identification:_identify(/home/waleed/mypractice/doomncp/src/vision_opencv) by extension 'ignore'
[11.915s] Level 1:colcon.colcon_core.package_identification:_identify(/home/waleed/mypractice/doomncp/src/vision_opencv) by extension 'ignore_ament_install'
[11.915s] Level 1:colcon.colcon_core.package_identification:_identify(/home/waleed/mypractice/doomncp/src/vision_opencv) by extensions ['colcon_pkg']
[11.915s] Level 1:colcon.colcon_core.package_identification:_identify(/home/waleed/mypractice/doomncp/src/vision_opencv) by extension 'colcon_pkg'
[11.915s] Level 1:colcon.colcon_core.package_identification:_identify(/home/waleed/mypractice/doomncp/src/vision_opencv) by extensions ['colcon_meta']
[11.915s] Level 1:colcon.colcon_core.package_identification:_identify(/home/waleed/mypractice/doomncp/src/vision_opencv) by extension 'colcon_meta'
[11.915s] Level 1:colcon.colcon_core.package_identification:_identify(/home/waleed/mypractice/doomncp/src/vision_opencv) by extensions ['ros']
[11.915s] Level 1:colcon.colcon_core.package_identification:_identify(/home/waleed/mypractice/doomncp/src/vision_opencv) by extension 'ros'
[11.916s] Level 1:colcon.colcon_core.package_identification:_identify(/home/waleed/mypractice/doomncp/src/vision_opencv) by extensions ['cmake', 'python']
[11.916s] Level 1:colcon.colcon_core.package_identification:_identify(/home/waleed/mypractice/doomncp/src/vision_opencv) by extension 'cmake'
[11.916s] Level 1:colcon.colcon_core.package_identification:_identify(/home/waleed/mypractice/doomncp/src/vision_opencv) by extension 'python'
[11.916s] Level 1:colcon.colcon_core.package_identification:_identify(/home/waleed/mypractice/doomncp/src/vision_opencv) by extensions ['python_setup_py']
[11.916s] Level 1:colcon.colcon_core.package_identification:_identify(/home/waleed/mypractice/doomncp/src/vision_opencv) by extension 'python_setup_py'
[11.916s] Level 1:colcon.colcon_core.package_identification:_identify(/home/waleed/mypractice/doomncp/src/vision_opencv/cv_bridge) by extensions ['ignore', 'ignore_ament_install']
[11.917s] Level 1:colcon.colcon_core.package_identification:_identify(/home/waleed/mypractice/doomncp/src/vision_opencv/cv_bridge) by extension 'ignore'
[11.917s] Level 1:colcon.colcon_core.package_identification:_identify(/home/waleed/mypractice/doomncp/src/vision_opencv/cv_bridge) by extension 'ignore_ament_install'
[11.917s] Level 1:colcon.colcon_core.package_identification:_identify(/home/waleed/mypractice/doomncp/src/vision_opencv/cv_bridge) by extensions ['colcon_pkg']
[11.917s] Level 1:colcon.colcon_core.package_identification:_identify(/home/waleed/mypractice/doomncp/src/vision_opencv/cv_bridge) by extension 'colcon_pkg'
[11.917s] Level 1:colcon.colcon_core.package_identification:_identify(/home/waleed/mypractice/doomncp/src/vision_opencv/cv_bridge) by extensions ['colcon_meta']
[11.917s] Level 1:colcon.colcon_core.package_identification:_identify(/home/waleed/mypractice/doomncp/src/vision_opencv/cv_bridge) by extension 'colcon_meta'
[11.917s] Level 1:colcon.colcon_core.package_identification:_identify(/home/waleed/mypractice/doomncp/src/vision_opencv/cv_bridge) by extensions ['ros']
[11.917s] Level 1:colcon.colcon_core.package_identification:_identify(/home/waleed/mypractice/doomncp/src/vision_opencv/cv_bridge) by extension 'ros'
[11.921s] DEBUG:colcon.colcon_core.package_identification:Package '/home/waleed/mypractice/doomncp/src/vision_opencv/cv_bridge' with type 'ros.ament_cmake' and name 'cv_bridge'
[11.921s] Level 1:colcon.colcon_core.package_identification:_identify(/home/waleed/mypractice/doomncp/src/vision_opencv/image_geometry) by extensions ['ignore', 'ignore_ament_install']
[11.922s] Level 1:colcon.colcon_core.package_identification:_identify(/home/waleed/mypractice/doomncp/src/vision_opencv/image_geometry) by extension 'ignore'
[11.922s] Level 1:colcon.colcon_core.package_identification:_identify(/home/waleed/mypractice/doomncp/src/vision_opencv/image_geometry) by extension 'ignore_ament_install'
[11.922s] Level 1:colcon.colcon_core.package_identification:_identify(/home/waleed/mypractice/doomncp/src/vision_opencv/image_geometry) by extensions ['colcon_pkg']
[11.922s] Level 1:colcon.colcon_core.package_identification:_identify(/home/waleed/mypractice/doomncp/src/vision_opencv/image_geometry) by extension 'colcon_pkg'
[11.922s] Level 1:colcon.colcon_core.package_identification:_identify(/home/waleed/mypractice/doomncp/src/vision_opencv/image_geometry) by extensions ['colcon_meta']
[11.922s] Level 1:colcon.colcon_core.package_identification:_identify(/home/waleed/mypractice/doomncp/src/vision_opencv/image_geometry) by extension 'colcon_meta'
[11.922s] Level 1:colcon.colcon_core.package_identification:_identify(/home/waleed/mypractice/doomncp/src/vision_opencv/image_geometry) by extensions ['ros']
[11.922s] Level 1:colcon.colcon_core.package_identification:_identify(/home/waleed/mypractice/doomncp/src/vision_opencv/image_geometry) by extension 'ros'
[11.924s] DEBUG:colcon.colcon_core.package_identification:Package '/home/waleed/mypractice/doomncp/src/vision_opencv/image_geometry' with type 'ros.ament_cmake' and name 'image_geometry'
[11.925s] Level 1:colcon.colcon_core.package_identification:_identify(/home/waleed/mypractice/doomncp/src/vision_opencv/opencv_tests) by extensions ['ignore', 'ignore_ament_install']
[11.925s] Level 1:colcon.colcon_core.package_identification:_identify(/home/waleed/mypractice/doomncp/src/vision_opencv/opencv_tests) by extension 'ignore'
[11.925s] Level 1:colcon.colcon_core.package_identification:_identify(/home/waleed/mypractice/doomncp/src/vision_opencv/opencv_tests) by extension 'ignore_ament_install'
[11.925s] Level 1:colcon.colcon_core.package_identification:_identify(/home/waleed/mypractice/doomncp/src/vision_opencv/opencv_tests) by extensions ['colcon_pkg']
[11.925s] Level 1:colcon.colcon_core.package_identification:_identify(/home/waleed/mypractice/doomncp/src/vision_opencv/opencv_tests) by extension 'colcon_pkg'
[11.926s] Level 1:colcon.colcon_core.package_identification:_identify(/home/waleed/mypractice/doomncp/src/vision_opencv/opencv_tests) by extensions ['colcon_meta']
[11.926s] Level 1:colcon.colcon_core.package_identification:_identify(/home/waleed/mypractice/doomncp/src/vision_opencv/opencv_tests) by extension 'colcon_meta'
[11.926s] Level 1:colcon.colcon_core.package_identification:_identify(/home/waleed/mypractice/doomncp/src/vision_opencv/opencv_tests) by extensions ['ros']
[11.926s] Level 1:colcon.colcon_core.package_identification:_identify(/home/waleed/mypractice/doomncp/src/vision_opencv/opencv_tests) by extension 'ros'
[11.927s] DEBUG:colcon.colcon_core.package_identification:Package '/home/waleed/mypractice/doomncp/src/vision_opencv/opencv_tests' with type 'ros.ament_python' and name 'opencv_tests'
[11.928s] Level 1:colcon.colcon_core.package_identification:_identify(/home/waleed/mypractice/doomncp/src/vision_opencv/vision_opencv) by extensions ['ignore', 'ignore_ament_install']
[11.928s] Level 1:colcon.colcon_core.package_identification:_identify(/home/waleed/mypractice/doomncp/src/vision_opencv/vision_opencv) by extension 'ignore'
[11.928s] Level 1:colcon.colcon_core.package_identification:_identify(/home/waleed/mypractice/doomncp/src/vision_opencv/vision_opencv) by extension 'ignore_ament_install'
[11.929s] Level 1:colcon.colcon_core.package_identification:_identify(/home/waleed/mypractice/doomncp/src/vision_opencv/vision_opencv) by extensions ['colcon_pkg']
[11.929s] Level 1:colcon.colcon_core.package_identification:_identify(/home/waleed/mypractice/doomncp/src/vision_opencv/vision_opencv) by extension 'colcon_pkg'
[11.929s] Level 1:colcon.colcon_core.package_identification:_identify(/home/waleed/mypractice/doomncp/src/vision_opencv/vision_opencv) by extensions ['colcon_meta']
[11.929s] Level 1:colcon.colcon_core.package_identification:_identify(/home/waleed/mypractice/doomncp/src/vision_opencv/vision_opencv) by extension 'colcon_meta'
[11.929s] Level 1:colcon.colcon_core.package_identification:_identify(/home/waleed/mypractice/doomncp/src/vision_opencv/vision_opencv) by extensions ['ros']
[11.929s] Level 1:colcon.colcon_core.package_identification:_identify(/home/waleed/mypractice/doomncp/src/vision_opencv/vision_opencv) by extension 'ros'
[11.931s] DEBUG:colcon.colcon_core.package_identification:Package '/home/waleed/mypractice/doomncp/src/vision_opencv/vision_opencv' with type 'ros.ament_cmake' and name 'vision_opencv'
[11.931s] Level 1:colcon.colcon_core.package_discovery:discover_packages(recursive) using defaults
