[11.350s] DEBUG:colcon:Command line arguments: ['/usr/bin/colcon', 'list', '-p', '--base-paths', '/home/waleed/mypractice/doomncp']
[11.350s] DEBUG:colcon:Parsed command line arguments: Namespace(allow_overriding=[], base_paths=['/home/waleed/mypractice/doomncp'], build_base='build', ignore_user_meta=False, log_base=None, log_level=None, main=<bound method ListVerb.main of <colcon_package_information.verb.list.ListVerb object at 0x7f7e3d698430>>, metas=['./colcon.meta'], names_only=False, packages_above=None, packages_above_and_dependencies=None, packages_above_depth=None, packages_end=None, packages_ignore=None, packages_ignore_regex=None, packages_select=None, packages_select_build_failed=False, packages_select_by_dep=None, packages_select_regex=None, packages_select_test_failures=False, packages_skip=None, packages_skip_build_finished=False, packages_skip_by_dep=None, packages_skip_regex=None, packages_skip_test_passed=False, packages_skip_up_to=None, packages_start=None, packages_up_to=None, packages_up_to_regex=None, paths=None, paths_only=True, topological_graph=False, topological_graph_density=False, topological_graph_dot=False, topological_graph_dot_cluster=False, topological_graph_dot_include_skipped=False, topological_graph_legend=False, topological_order=False, verb_extension=<colcon_package_information.verb.list.ListVerb object at 0x7f7e3d698430>, verb_name='list', verb_parser=<colcon_defaults.argument_parser.defaults.DefaultArgumentsDecorator object at 0x7f7e3d253370>)
[11.949s] Level 1:colcon.colcon_core.package_discovery:discover_packages(colcon_meta) check parameters
[11.949s] Level 1:colcon.colcon_core.package_discovery:discover_packages(recursive) check parameters
[11.949s] Level 1:colcon.colcon_core.package_discovery:discover_packages(ignore) check parameters
[11.949s] Level 1:colcon.colcon_core.package_discovery:discover_packages(path) check parameters
[11.949s] Level 1:colcon.colcon_core.package_discovery:discover_packages(recursive) discover
[11.950s] INFO:colcon.colcon_core.package_discovery:Crawling recursively for packages in '/home/waleed/mypractice/doomncp'
[11.950s] Level 1:colcon.colcon_core.package_identification:_identify(/home/waleed/mypractice/doomncp) by extensions ['ignore', 'ignore_ament_install']
[11.950s] Level 1:colcon.colcon_core.package_identification:_identify(/home/waleed/mypractice/doomncp) by extension 'ignore'
[11.950s] Level 1:colcon.colcon_core.package_identification:_identify(/home/waleed/mypractice/doomncp) by extension 'ignore_ament_install'
[11.950s] Level 1:colcon.colcon_core.package_identification:_identify(/home/waleed/mypractice/doomncp) by extensions ['colcon_pkg']
[11.951s] Level 1:colcon.colcon_core.package_identification:_identify(/home/waleed/mypractice/doomncp) by extension 'colcon_pkg'
[11.951s] Level 1:colcon.colcon_core.package_identification:_identify(/home/waleed/mypractice/doomncp) by extensions ['colcon_meta']
[11.951s] Level 1:colcon.colcon_core.package_identification:_identify(/home/waleed/mypractice/doomncp) by extension 'colcon_meta'
[11.951s] Level 1:colcon.colcon_core.package_identification:_identify(/home/waleed/mypractice/doomncp) by extensions ['ros']
[11.951s] Level 1:colcon.colcon_core.package_identification:_identify(/home/waleed/mypractice/doomncp) by extension 'ros'
[12.009s] Level 1:colcon.colcon_core.package_identification:_identify(/home/waleed/mypractice/doomncp) by extensions ['cmake', 'python']
[12.009s] Level 1:colcon.colcon_core.package_identification:_identify(/home/waleed/mypractice/doomncp) by extension 'cmake'
[12.009s] Level 1:colcon.colcon_core.package_identification:_identify(/home/waleed/mypractice/doomncp) by extension 'python'
[12.010s] Level 1:colcon.colcon_core.package_identification:_identify(/home/waleed/mypractice/doomncp) by extensions ['python_setup_py']
[12.010s] Level 1:colcon.colcon_core.package_identification:_identify(/home/waleed/mypractice/doomncp) by extension 'python_setup_py'
[12.010s] Level 1:colcon.colcon_core.package_identification:_identify(/home/waleed/mypractice/doomncp/build) by extensions ['ignore', 'ignore_ament_install']
[12.010s] Level 1:colcon.colcon_core.package_identification:_identify(/home/waleed/mypractice/doomncp/build) by extension 'ignore'
[12.010s] Level 1:colcon.colcon_core.package_identification:_identify(/home/waleed/mypractice/doomncp/build) ignored
[12.011s] Level 1:colcon.colcon_core.package_identification:_identify(/home/waleed/mypractice/doomncp/install) by extensions ['ignore', 'ignore_ament_install']
[12.011s] Level 1:colcon.colcon_core.package_identification:_identify(/home/waleed/mypractice/doomncp/install) by extension 'ignore'
[12.011s] Level 1:colcon.colcon_core.package_identification:_identify(/home/waleed/mypractice/doomncp/install) ignored
[12.012s] Level 1:colcon.colcon_core.package_identification:_identify(/home/waleed/mypractice/doomncp/log) by extensions ['ignore', 'ignore_ament_install']
[12.012s] Level 1:colcon.colcon_core.package_identification:_identify(/home/waleed/mypractice/doomncp/log) by extension 'ignore'
[12.012s] Level 1:colcon.colcon_core.package_identification:_identify(/home/waleed/mypractice/doomncp/log) ignored
[12.012s] Level 1:colcon.colcon_core.package_identification:_identify(/home/waleed/mypractice/doomncp/src) by extensions ['ignore', 'ignore_ament_install']
[12.013s] Level 1:colcon.colcon_core.package_identification:_identify(/home/waleed/mypractice/doomncp/src) by extension 'ignore'
[12.013s] Level 1:colcon.colcon_core.package_identification:_identify(/home/waleed/mypractice/doomncp/src) by extension 'ignore_ament_install'
[12.013s] Level 1:colcon.colcon_core.package_identification:_identify(/home/waleed/mypractice/doomncp/src) by extensions ['colcon_pkg']
[12.013s] Level 1:colcon.colcon_core.package_identification:_identify(/home/waleed/mypractice/doomncp/src) by extension 'colcon_pkg'
[12.013s] Level 1:colcon.colcon_core.package_identification:_identify(/home/waleed/mypractice/doomncp/src) by extensions ['colcon_meta']
[12.013s] Level 1:colcon.colcon_core.package_identification:_identify(/home/waleed/mypractice/doomncp/src) by extension 'colcon_meta'
[12.014s] Level 1:colcon.colcon_core.package_identification:_identify(/home/waleed/mypractice/doomncp/src) by extensions ['ros']
[12.014s] Level 1:colcon.colcon_core.package_identification:_identify(/home/waleed/mypractice/doomncp/src) by extension 'ros'
[12.014s] Level 1:colcon.colcon_core.package_identification:_identify(/home/waleed/mypractice/doomncp/src) by extensions ['cmake', 'python']
[12.014s] Level 1:colcon.colcon_core.package_identification:_identify(/home/waleed/mypractice/doomncp/src) by extension 'cmake'
[12.014s] Level 1:colcon.colcon_core.package_identification:_identify(/home/waleed/mypractice/doomncp/src) by extension 'python'
[12.014s] Level 1:colcon.colcon_core.package_identification:_identify(/home/waleed/mypractice/doomncp/src) by extensions ['python_setup_py']
[12.014s] Level 1:colcon.colcon_core.package_identification:_identify(/home/waleed/mypractice/doomncp/src) by extension 'python_setup_py'
[12.015s] Level 1:colcon.colcon_core.package_identification:_identify(/home/waleed/mypractice/doomncp/src/doomAI) by extensions ['ignore', 'ignore_ament_install']
[12.015s] Level 1:colcon.colcon_core.package_identification:_identify(/home/waleed/mypractice/doomncp/src/doomAI) by extension 'ignore'
[12.015s] Level 1:colcon.colcon_core.package_identification:_identify(/home/waleed/mypractice/doomncp/src/doomAI) by extension 'ignore_ament_install'
[12.016s] Level 1:colcon.colcon_core.package_identification:_identify(/home/waleed/mypractice/doomncp/src/doomAI) by extensions ['colcon_pkg']
[12.016s] Level 1:colcon.colcon_core.package_identification:_identify(/home/waleed/mypractice/doomncp/src/doomAI) by extension 'colcon_pkg'
[12.016s] Level 1:colcon.colcon_core.package_identification:_identify(/home/waleed/mypractice/doomncp/src/doomAI) by extensions ['colcon_meta']
[12.016s] Level 1:colcon.colcon_core.package_identification:_identify(/home/waleed/mypractice/doomncp/src/doomAI) by extension 'colcon_meta'
[12.016s] Level 1:colcon.colcon_core.package_identification:_identify(/home/waleed/mypractice/doomncp/src/doomAI) by extensions ['ros']
[12.016s] Level 1:colcon.colcon_core.package_identification:_identify(/home/waleed/mypractice/doomncp/src/doomAI) by extension 'ros'
[12.031s] DEBUG:colcon.colcon_core.package_identification:Package '/home/waleed/mypractice/doomncp/src/doomAI' with type 'ros.ament_python' and name 'doomAI'
[12.032s] Level 1:colcon.colcon_core.package_identification:_identify(/home/waleed/mypractice/doomncp/src/vision_opencv) by extensions ['ignore', 'ignore_ament_install']
[12.032s] Level 1:colcon.colcon_core.package_identification:_identify(/home/waleed/mypractice/doomncp/src/vision_opencv) by extension 'ignore'
[12.032s] Level 1:colcon.colcon_core.package_identification:_identify(/home/waleed/mypractice/doomncp/src/vision_opencv) by extension 'ignore_ament_install'
[12.033s] Level 1:colcon.colcon_core.package_identification:_identify(/home/waleed/mypractice/doomncp/src/vision_opencv) by extensions ['colcon_pkg']
[12.033s] Level 1:colcon.colcon_core.package_identification:_identify(/home/waleed/mypractice/doomncp/src/vision_opencv) by extension 'colcon_pkg'
[12.033s] Level 1:colcon.colcon_core.package_identification:_identify(/home/waleed/mypractice/doomncp/src/vision_opencv) by extensions ['colcon_meta']
[12.033s] Level 1:colcon.colcon_core.package_identification:_identify(/home/waleed/mypractice/doomncp/src/vision_opencv) by extension 'colcon_meta'
[12.033s] Level 1:colcon.colcon_core.package_identification:_identify(/home/waleed/mypractice/doomncp/src/vision_opencv) by extensions ['ros']
[12.033s] Level 1:colcon.colcon_core.package_identification:_identify(/home/waleed/mypractice/doomncp/src/vision_opencv) by extension 'ros'
[12.033s] Level 1:colcon.colcon_core.package_identification:_identify(/home/waleed/mypractice/doomncp/src/vision_opencv) by extensions ['cmake', 'python']
[12.034s] Level 1:colcon.colcon_core.package_identification:_identify(/home/waleed/mypractice/doomncp/src/vision_opencv) by extension 'cmake'
[12.034s] Level 1:colcon.colcon_core.package_identification:_identify(/home/waleed/mypractice/doomncp/src/vision_opencv) by extension 'python'
[12.034s] Level 1:colcon.colcon_core.package_identification:_identify(/home/waleed/mypractice/doomncp/src/vision_opencv) by extensions ['python_setup_py']
[12.034s] Level 1:colcon.colcon_core.package_identification:_identify(/home/waleed/mypractice/doomncp/src/vision_opencv) by extension 'python_setup_py'
[12.034s] Level 1:colcon.colcon_core.package_identification:_identify(/home/waleed/mypractice/doomncp/src/vision_opencv/cv_bridge) by extensions ['ignore', 'ignore_ament_install']
[12.035s] Level 1:colcon.colcon_core.package_identification:_identify(/home/waleed/mypractice/doomncp/src/vision_opencv/cv_bridge) by extension 'ignore'
[12.035s] Level 1:colcon.colcon_core.package_identification:_identify(/home/waleed/mypractice/doomncp/src/vision_opencv/cv_bridge) by extension 'ignore_ament_install'
[12.035s] Level 1:colcon.colcon_core.package_identification:_identify(/home/waleed/mypractice/doomncp/src/vision_opencv/cv_bridge) by extensions ['colcon_pkg']
[12.035s] Level 1:colcon.colcon_core.package_identification:_identify(/home/waleed/mypractice/doomncp/src/vision_opencv/cv_bridge) by extension 'colcon_pkg'
[12.035s] Level 1:colcon.colcon_core.package_identification:_identify(/home/waleed/mypractice/doomncp/src/vision_opencv/cv_bridge) by extensions ['colcon_meta']
[12.035s] Level 1:colcon.colcon_core.package_identification:_identify(/home/waleed/mypractice/doomncp/src/vision_opencv/cv_bridge) by extension 'colcon_meta'
[12.035s] Level 1:colcon.colcon_core.package_identification:_identify(/home/waleed/mypractice/doomncp/src/vision_opencv/cv_bridge) by extensions ['ros']
[12.036s] Level 1:colcon.colcon_core.package_identification:_identify(/home/waleed/mypractice/doomncp/src/vision_opencv/cv_bridge) by extension 'ros'
[12.039s] DEBUG:colcon.colcon_core.package_identification:Package '/home/waleed/mypractice/doomncp/src/vision_opencv/cv_bridge' with type 'ros.ament_cmake' and name 'cv_bridge'
[12.040s] Level 1:colcon.colcon_core.package_identification:_identify(/home/waleed/mypractice/doomncp/src/vision_opencv/image_geometry) by extensions ['ignore', 'ignore_ament_install']
[12.040s] Level 1:colcon.colcon_core.package_identification:_identify(/home/waleed/mypractice/doomncp/src/vision_opencv/image_geometry) by extension 'ignore'
[12.040s] Level 1:colcon.colcon_core.package_identification:_identify(/home/waleed/mypractice/doomncp/src/vision_opencv/image_geometry) by extension 'ignore_ament_install'
[12.040s] Level 1:colcon.colcon_core.package_identification:_identify(/home/waleed/mypractice/doomncp/src/vision_opencv/image_geometry) by extensions ['colcon_pkg']
[12.040s] Level 1:colcon.colcon_core.package_identification:_identify(/home/waleed/mypractice/doomncp/src/vision_opencv/image_geometry) by extension 'colcon_pkg'
[12.041s] Level 1:colcon.colcon_core.package_identification:_identify(/home/waleed/mypractice/doomncp/src/vision_opencv/image_geometry) by extensions ['colcon_meta']
[12.041s] Level 1:colcon.colcon_core.package_identification:_identify(/home/waleed/mypractice/doomncp/src/vision_opencv/image_geometry) by extension 'colcon_meta'
[12.041s] Level 1:colcon.colcon_core.package_identification:_identify(/home/waleed/mypractice/doomncp/src/vision_opencv/image_geometry) by extensions ['ros']
[12.041s] Level 1:colcon.colcon_core.package_identification:_identify(/home/waleed/mypractice/doomncp/src/vision_opencv/image_geometry) by extension 'ros'
[12.043s] DEBUG:colcon.colcon_core.package_identification:Package '/home/waleed/mypractice/doomncp/src/vision_opencv/image_geometry' with type 'ros.ament_cmake' and name 'image_geometry'
[12.043s] Level 1:colcon.colcon_core.package_identification:_identify(/home/waleed/mypractice/doomncp/src/vision_opencv/opencv_tests) by extensions ['ignore', 'ignore_ament_install']
[12.044s] Level 1:colcon.colcon_core.package_identification:_identify(/home/waleed/mypractice/doomncp/src/vision_opencv/opencv_tests) by extension 'ignore'
[12.044s] Level 1:colcon.colcon_core.package_identification:_identify(/home/waleed/mypractice/doomncp/src/vision_opencv/opencv_tests) by extension 'ignore_ament_install'
[12.044s] Level 1:colcon.colcon_core.package_identification:_identify(/home/waleed/mypractice/doomncp/src/vision_opencv/opencv_tests) by extensions ['colcon_pkg']
[12.044s] Level 1:colcon.colcon_core.package_identification:_identify(/home/waleed/mypractice/doomncp/src/vision_opencv/opencv_tests) by extension 'colcon_pkg'
[12.044s] Level 1:colcon.colcon_core.package_identification:_identify(/home/waleed/mypractice/doomncp/src/vision_opencv/opencv_tests) by extensions ['colcon_meta']
[12.044s] Level 1:colcon.colcon_core.package_identification:_identify(/home/waleed/mypractice/doomncp/src/vision_opencv/opencv_tests) by extension 'colcon_meta'
[12.044s] Level 1:colcon.colcon_core.package_identification:_identify(/home/waleed/mypractice/doomncp/src/vision_opencv/opencv_tests) by extensions ['ros']
[12.045s] Level 1:colcon.colcon_core.package_identification:_identify(/home/waleed/mypractice/doomncp/src/vision_opencv/opencv_tests) by extension 'ros'
[12.046s] DEBUG:colcon.colcon_core.package_identification:Package '/home/waleed/mypractice/doomncp/src/vision_opencv/opencv_tests' with type 'ros.ament_python' and name 'opencv_tests'
[12.046s] Level 1:colcon.colcon_core.package_identification:_identify(/home/waleed/mypractice/doomncp/src/vision_opencv/vision_opencv) by extensions ['ignore', 'ignore_ament_install']
[12.047s] Level 1:colcon.colcon_core.package_identification:_identify(/home/waleed/mypractice/doomncp/src/vision_opencv/vision_opencv) by extension 'ignore'
[12.047s] Level 1:colcon.colcon_core.package_identification:_identify(/home/waleed/mypractice/doomncp/src/vision_opencv/vision_opencv) by extension 'ignore_ament_install'
[12.047s] Level 1:colcon.colcon_core.package_identification:_identify(/home/waleed/mypractice/doomncp/src/vision_opencv/vision_opencv) by extensions ['colcon_pkg']
[12.047s] Level 1:colcon.colcon_core.package_identification:_identify(/home/waleed/mypractice/doomncp/src/vision_opencv/vision_opencv) by extension 'colcon_pkg'
[12.047s] Level 1:colcon.colcon_core.package_identification:_identify(/home/waleed/mypractice/doomncp/src/vision_opencv/vision_opencv) by extensions ['colcon_meta']
[12.047s] Level 1:colcon.colcon_core.package_identification:_identify(/home/waleed/mypractice/doomncp/src/vision_opencv/vision_opencv) by extension 'colcon_meta'
[12.047s] Level 1:colcon.colcon_core.package_identification:_identify(/home/waleed/mypractice/doomncp/src/vision_opencv/vision_opencv) by extensions ['ros']
[12.048s] Level 1:colcon.colcon_core.package_identification:_identify(/home/waleed/mypractice/doomncp/src/vision_opencv/vision_opencv) by extension 'ros'
[12.050s] DEBUG:colcon.colcon_core.package_identification:Package '/home/waleed/mypractice/doomncp/src/vision_opencv/vision_opencv' with type 'ros.ament_cmake' and name 'vision_opencv'
[12.050s] Level 1:colcon.colcon_core.package_discovery:discover_packages(recursive) using defaults
