running develop
running egg_info
writing doomAI.egg-info/PKG-INFO
writing dependency_links to doomAI.egg-info/dependency_links.txt
writing entry points to doomAI.egg-info/entry_points.txt
writing requirements to doomAI.egg-info/requires.txt
writing top-level names to doomAI.egg-info/top_level.txt
reading manifest file 'doomAI.egg-info/SOURCES.txt'
writing manifest file 'doomAI.egg-info/SOURCES.txt'
running build_ext
Creating /home/waleed/mypractice/doomncp/install/doomAI/lib/python3.8/site-packages/doomAI.egg-link (link to .)
Installing vizai_node script to /home/waleed/mypractice/doomncp/install/doomAI/lib/doomAI
Installing vizsim_node script to /home/waleed/mypractice/doomncp/install/doomAI/lib/doomAI
Installing vizvisual_node script to /home/waleed/mypractice/doomncp/install/doomAI/lib/doomAI

Installed /home/waleed/mypractice/doomncp/build/doomAI
running install_data
copying package.xml -> /home/waleed/mypractice/doomncp/install/doomAI/share/doomAI
creating /home/waleed/mypractice/doomncp/install/doomAI/doomAI
copying doomAI/scripts/vizgym.py -> /home/waleed/mypractice/doomncp/install/doomAI/doomAI
copying doomAI/scripts/utils.py -> /home/waleed/mypractice/doomncp/install/doomAI/doomAI
